SF:lib/app/shared_prefs/token_shared_prefs.dart
DA:9,0
DA:11,0
DA:13,0
DA:14,0
DA:16,0
DA:20,0
DA:22,0
DA:23,0
DA:25,0
LF:9
LH:0
end_of_record
SF:lib/core/error/failure.dart
DA:6,3
DA:8,1
DA:9,2
DA:13,0
DA:18,3
DA:25,0
LF:6
LH:4
end_of_record
SF:lib/features/auth/domain/use_case/login_use_case.dart
DA:45,3
DA:50,0
DA:51,0
DA:52,0
DA:53,0
DA:61,1
DA:63,1
DA:66,1
DA:67,3
DA:68,2
DA:69,1
DA:70,2
DA:71,1
DA:72,2
DA:76,1
LF:15
LH:11
end_of_record
SF:lib/features/auth/domain/entity/auth_entity.dart
DA:12,1
DA:22,1
DA:23,6
LF:3
LH:3
end_of_record
SF:lib/features/auth/domain/use_case/signup_usecase.dart
DA:18,1
DA:29,0
DA:39,0
DA:41,0
DA:47,1
DA:49,1
DA:51,1
DA:52,1
DA:53,1
DA:54,1
DA:55,1
DA:56,1
DA:57,1
DA:58,1
DA:60,2
LF:15
LH:12
end_of_record
SF:lib/features/auth/domain/use_case/upload_image_usecase.dart
DA:12,1
DA:21,1
DA:22,1
DA:24,3
LF:4
LH:4
end_of_record
